Determining if the pthread_create exist failed with the following output:
Change Dir: /home/skyee/carto_test/protobuf/build/CMakeFiles/CMakeTmp

Run Build Command:/usr/bin/ninja cmTryCompileExec169173125
[1/2] Building C object CMakeFiles/cmTryCompileExec169173125.dir/CheckSymbolExists.c.o
[2/2] Linking C executable cmTryCompileExec169173125
FAILED: : && /usr/bin/cc     CMakeFiles/cmTryCompileExec169173125.dir/CheckSymbolExists.c.o  -o cmTryCompileExec169173125  -rdynamic && :
CMakeFiles/cmTryCompileExec169173125.dir/CheckSymbolExists.c.o: In function `main':
CheckSymbolExists.c:(.text+0x1b): undefined reference to `pthread_create'
collect2: error: ld returned 1 exit status
ninja: build stopped: subcommand failed.

File /home/skyee/carto_test/protobuf/build/CMakeFiles/CMakeTmp/CheckSymbolExists.c:
/* */
#include <pthread.h>

int main(int argc, char** argv)
{
  (void)argv;
#ifndef pthread_create
  return ((int*)(&pthread_create))[argc];
#else
  (void)argc;
  return 0;
#endif
}

Determining if the function pthread_create exists in the pthreads failed with the following output:
Change Dir: /home/skyee/carto_test/protobuf/build/CMakeFiles/CMakeTmp

Run Build Command:/usr/bin/ninja cmTryCompileExec3782347784
[1/2] Building C object CMakeFiles/cmTryCompileExec3782347784.dir/CheckFunctionExists.c.o
[2/2] Linking C executable cmTryCompileExec3782347784
FAILED: : && /usr/bin/cc  -DCHECK_FUNCTION_EXISTS=pthread_create   CMakeFiles/cmTryCompileExec3782347784.dir/CheckFunctionExists.c.o  -o cmTryCompileExec3782347784  -rdynamic -lpthreads && :
/usr/bin/ld: cannot find -lpthreads
collect2: error: ld returned 1 exit status
ninja: build stopped: subcommand failed.


